<?xml version="1.0" encoding="UTF-8"?>
<testsuite name="test_calc.testCalc-20220224150810" tests="3" file="test_calc.py" time="0.000" timestamp="2022-02-24T15:08:10" failures="0" errors="0" skipped="0">
	<testcase classname="test_calc.testCalc" name="test_minus" time="0.000" timestamp="2022-02-24T15:08:10" file="test_calc.py" line="13"/>
	<testcase classname="test_calc.testCalc" name="test_sum" time="0.000" timestamp="2022-02-24T15:08:10" file="test_calc.py" line="6"/>
	<testcase classname="test_calc.testCalc" name="test_sum2" time="0.000" timestamp="2022-02-24T15:08:10" file="test_calc.py" line="10"/>
</testsuite>
